<?xml version="1.0" encoding="UTF-8"?>
<!-- Generated by org.testng.reporters.JUnitXMLReporter -->
<testsuite ignored="0" hostname="INmakrishnan01" failures="0" tests="2" name="Test Basics 1" time="0.045" errors="0" timestamp="2022-11-24T16:49:21 IST">
  <testcase classname="SeleniumGroup.SeleniumArtifact.BeforeAndAfterClass" name="@BeforeSuite beforeMethod" time="4.729">
    <failure type="java.lang.NullPointerException" message="null value in entry: url=null">
      <![CDATA[java.lang.NullPointerException: null value in entry: url=null
at com.google.common.collect.CollectPreconditions.checkEntryNotNull(CollectPreconditions.java:33)
at com.google.common.collect.SingletonImmutableBiMap.<init>(SingletonImmutableBiMap.java:43)
at com.google.common.collect.ImmutableBiMap.of(ImmutableBiMap.java:81)
at com.google.common.collect.ImmutableMap.of(ImmutableMap.java:128)
at org.openqa.selenium.remote.DriverCommand.GET(DriverCommand.java:191)
at org.openqa.selenium.remote.RemoteWebDriver.get(RemoteWebDriver.java:310)
at SeleniumGroup.SeleniumArtifact.BeforeAndAfterClass.beforeMethod(BeforeAndAfterClass.java:79)
... Removed 19 stack frames]]>
    </failure>
  </testcase> <!-- @BeforeSuite beforeMethod -->
  <testcase classname="SeleniumGroup.SeleniumArtifact.BeforeAndAfterClass" name="@BeforeClass afterSuite" time="0.0">
    <skipped/>
  </testcase> <!-- @BeforeClass afterSuite -->
  <testcase classname="SeleniumGroup.SeleniumArtifact.BeforeAndAfterClass" name="@BeforeMethod Summa" time="0.0">
    <skipped/>
  </testcase> <!-- @BeforeMethod Summa -->
  <testcase classname="SeleniumGroup.SeleniumArtifact.BeforeAndAfterClass" name="@BeforeMethod name" time="0.0">
    <skipped/>
  </testcase> <!-- @BeforeMethod name -->
  <testcase classname="SeleniumGroup.SeleniumArtifact.TestCases" name="doAdminLogin" time="0.0">
    <skipped/>
  </testcase> <!-- doAdminLogin -->
  <testcase classname="SeleniumGroup.SeleniumArtifact.TestCases" name="doAssignFullAdminRole" time="0.0">
    <skipped/>
  </testcase> <!-- doAssignFullAdminRole -->
</testsuite> <!-- Test Basics 1 -->
